<?xml version="1.0" encoding="UTF-8"?>
<testng-results ignored="0" total="1" passed="1" failed="0" skipped="0">
  <reporter-output>
  </reporter-output>
  <suite started-at="2023-06-16T18:12:22 IST" name="Default suite" finished-at="2023-06-16T18:12:22 IST" duration-ms="61">
    <groups>
    </groups>
    <test started-at="2023-06-16T18:12:22 IST" name="Default test" finished-at="2023-06-16T18:12:22 IST" duration-ms="61">
      <class name="testCases.OragneHRMDemoLogin">
        <test-method is-config="true" signature="invokeBrowser()[pri:0, instance:testCases.OragneHRMDemoLogin@43dac38f]" started-at="2023-06-16T18:12:18 IST" name="invokeBrowser" finished-at="2023-06-16T18:12:22 IST" duration-ms="4156" status="PASS">
          <reporter-output>
          </reporter-output>
        </test-method> <!-- invokeBrowser -->
        <test-method signature="LoginToOrangeHRMDemo()[pri:0, instance:testCases.OragneHRMDemoLogin@43dac38f]" started-at="2023-06-16T18:12:22 IST" name="LoginToOrangeHRMDemo" finished-at="2023-06-16T18:12:22 IST" duration-ms="22" status="PASS">
          <reporter-output>
          </reporter-output>
        </test-method> <!-- LoginToOrangeHRMDemo -->
      </class> <!-- testCases.OragneHRMDemoLogin -->
    </test> <!-- Default test -->
  </suite> <!-- Default suite -->
</testng-results>
